app/build/intermediates/manifest_merge_blame_file/debug/manifest-merger-blame-debug-report.txt
1<?xml version="1.0" encoding="utf-8"?>
2<manifest xmlns:android="http://schemas.android.com/apk/res/android"
3    package="com.example.storbook"
4    android:versionCode="1"
5    android:versionName="1.0" >
6
7    <uses-sdk
8        android:minSdkVersion="25"
8-->src\main\AndroidManifest.xml
9        android:targetSdkVersion="32" />
9-->src\main\AndroidManifest.xml
10
11    <uses-permission android:name="android.permission.INTERNET" />
11-->[com.google.firebase:firebase-auth:21.0.6] AndroidManifest.xml:23:5-67
11-->[com.google.firebase:firebase-auth:21.0.6] AndroidManifest.xml:23:22-64
12    <uses-permission android:name="android.permission.ACCESS_NETWORK_STATE" />
12-->[com.google.firebase:firebase-auth:21.0.6] AndroidManifest.xml:24:5-79
12-->[com.google.firebase:firebase-auth:21.0.6] AndroidManifest.xml:24:22-76
13
14    <application
14-->src\main\AndroidManifest.xml:6:5-25:19
15        android:allowBackup="true"
15-->src\main\AndroidManifest.xml:7:9-35
16        android:appComponentFactory="androidx.core.app.CoreComponentFactory"
16-->[androidx.core:core:1.7.0] AndroidManifest.xml:24:18-86
17        android:dataExtractionRules="@xml/data_extraction_rules"
17-->src\main\AndroidManifest.xml:8:9-65
18        android:debuggable="true"
19        android:extractNativeLibs="false"
20        android:fullBackupContent="@xml/backup_rules"
20-->src\main\AndroidManifest.xml:9:9-54
21        android:icon="@mipmap/ic_launcher"
21-->src\main\AndroidManifest.xml:10:9-43
22        android:label="@string/app_name"
22-->src\main\AndroidManifest.xml:11:9-41
23        android:roundIcon="@mipmap/ic_launcher_round"
23-->src\main\AndroidManifest.xml:12:9-54
24        android:supportsRtl="true"
24-->src\main\AndroidManifest.xml:13:9-35
25        android:theme="@style/Theme.Storbook" >
25-->src\main\AndroidManifest.xml:14:9-46
26        <activity
26-->src\main\AndroidManifest.xml:16:9-24:20
27            android:name="com.example.storbook.MainActivity"
27-->src\main\AndroidManifest.xml:17:13-41
28            android:exported="true" >
28-->src\main\AndroidManifest.xml:18:13-36
29            <intent-filter>
29-->src\main\AndroidManifest.xml:19:13-23:29
30                <action android:name="android.intent.action.MAIN" />
30-->src\main\AndroidManifest.xml:20:17-69
30-->src\main\AndroidManifest.xml:20:25-66
31
32                <category android:name="android.intent.category.LAUNCHER" />
32-->src\main\AndroidManifest.xml:22:17-77
32-->src\main\AndroidManifest.xml:22:27-74
33            </intent-filter>
34        </activity>
35        <activity
35-->[com.google.firebase:firebase-auth:21.0.6] AndroidManifest.xml:27:9-44:20
36            android:name="com.google.firebase.auth.internal.GenericIdpActivity"
36-->[com.google.firebase:firebase-auth:21.0.6] AndroidManifest.xml:28:13-80
37            android:excludeFromRecents="true"
37-->[com.google.firebase:firebase-auth:21.0.6] AndroidManifest.xml:29:13-46
38            android:exported="true"
38-->[com.google.firebase:firebase-auth:21.0.6] AndroidManifest.xml:30:13-36
39            android:launchMode="singleTask"
39-->[com.google.firebase:firebase-auth:21.0.6] AndroidManifest.xml:31:13-44
40            android:theme="@android:style/Theme.Translucent.NoTitleBar" >
40-->[com.google.firebase:firebase-auth:21.0.6] AndroidManifest.xml:32:13-72
41            <intent-filter>
41-->[com.google.firebase:firebase-auth:21.0.6] AndroidManifest.xml:33:13-43:29
42                <action android:name="android.intent.action.VIEW" />
42-->[com.google.firebase:firebase-auth:21.0.6] AndroidManifest.xml:34:17-69
42-->[com.google.firebase:firebase-auth:21.0.6] AndroidManifest.xml:34:25-66
43
44                <category android:name="android.intent.category.DEFAULT" />
44-->[com.google.firebase:firebase-auth:21.0.6] AndroidManifest.xml:36:17-76
44-->[com.google.firebase:firebase-auth:21.0.6] AndroidManifest.xml:36:27-73
45                <category android:name="android.intent.category.BROWSABLE" />
45-->[com.google.firebase:firebase-auth:21.0.6] AndroidManifest.xml:37:17-78
45-->[com.google.firebase:firebase-auth:21.0.6] AndroidManifest.xml:37:27-75
46
47                <data
47-->[com.google.firebase:firebase-auth:21.0.6] AndroidManifest.xml:39:17-42:51
48                    android:host="firebase.auth"
48-->[com.google.firebase:firebase-auth:21.0.6] AndroidManifest.xml:40:21-49
49                    android:path="/"
49-->[com.google.firebase:firebase-auth:21.0.6] AndroidManifest.xml:41:21-37
50                    android:scheme="genericidp" />
50-->[com.google.firebase:firebase-auth:21.0.6] AndroidManifest.xml:42:21-48
51            </intent-filter>
52        </activity>
53        <activity
53-->[com.google.firebase:firebase-auth:21.0.6] AndroidManifest.xml:45:9-62:20
54            android:name="com.google.firebase.auth.internal.RecaptchaActivity"
54-->[com.google.firebase:firebase-auth:21.0.6] AndroidManifest.xml:46:13-79
55            android:excludeFromRecents="true"
55-->[com.google.firebase:firebase-auth:21.0.6] AndroidManifest.xml:47:13-46
56            android:exported="true"
56-->[com.google.firebase:firebase-auth:21.0.6] AndroidManifest.xml:48:13-36
57            android:launchMode="singleTask"
57-->[com.google.firebase:firebase-auth:21.0.6] AndroidManifest.xml:49:13-44
58            android:theme="@android:style/Theme.Translucent.NoTitleBar" >
58-->[com.google.firebase:firebase-auth:21.0.6] AndroidManifest.xml:50:13-72
59            <intent-filter>
59-->[com.google.firebase:firebase-auth:21.0.6] AndroidManifest.xml:51:13-61:29
60                <action android:name="android.intent.action.VIEW" />
60-->[com.google.firebase:firebase-auth:21.0.6] AndroidManifest.xml:34:17-69
60-->[com.google.firebase:firebase-auth:21.0.6] AndroidManifest.xml:34:25-66
61
62                <category android:name="android.intent.category.DEFAULT" />
62-->[com.google.firebase:firebase-auth:21.0.6] AndroidManifest.xml:36:17-76
62-->[com.google.firebase:firebase-auth:21.0.6] AndroidManifest.xml:36:27-73
63                <category android:name="android.intent.category.BROWSABLE" />
63-->[com.google.firebase:firebase-auth:21.0.6] AndroidManifest.xml:37:17-78
63-->[com.google.firebase:firebase-auth:21.0.6] AndroidManifest.xml:37:27-75
64
65                <data
65-->[com.google.firebase:firebase-auth:21.0.6] AndroidManifest.xml:39:17-42:51
66                    android:host="firebase.auth"
66-->[com.google.firebase:firebase-auth:21.0.6] AndroidManifest.xml:40:21-49
67                    android:path="/"
67-->[com.google.firebase:firebase-auth:21.0.6] AndroidManifest.xml:41:21-37
68                    android:scheme="recaptcha" />
68-->[com.google.firebase:firebase-auth:21.0.6] AndroidManifest.xml:42:21-48
69            </intent-filter>
70        </activity>
71
72        <service
72-->[com.google.firebase:firebase-auth:21.0.6] AndroidManifest.xml:64:9-70:19
73            android:name="com.google.firebase.components.ComponentDiscoveryService"
73-->[com.google.firebase:firebase-auth:21.0.6] AndroidManifest.xml:65:13-84
74            android:directBootAware="true"
74-->[com.google.firebase:firebase-common:20.1.0] AndroidManifest.xml:35:13-43
75            android:exported="false" >
75-->[com.google.firebase:firebase-auth:21.0.6] AndroidManifest.xml:66:13-37
76            <meta-data
76-->[com.google.firebase:firebase-auth:21.0.6] AndroidManifest.xml:67:13-69:85
77                android:name="com.google.firebase.components:com.google.firebase.auth.FirebaseAuthRegistrar"
77-->[com.google.firebase:firebase-auth:21.0.6] AndroidManifest.xml:68:17-109
78                android:value="com.google.firebase.components.ComponentRegistrar" />
78-->[com.google.firebase:firebase-auth:21.0.6] AndroidManifest.xml:69:17-82
79        </service>
80
81        <provider
81-->[com.google.firebase:firebase-common:20.1.0] AndroidManifest.xml:26:9-31:39
82            android:name="com.google.firebase.provider.FirebaseInitProvider"
82-->[com.google.firebase:firebase-common:20.1.0] AndroidManifest.xml:27:13-77
83            android:authorities="com.example.storbook.firebaseinitprovider"
83-->[com.google.firebase:firebase-common:20.1.0] AndroidManifest.xml:28:13-72
84            android:directBootAware="true"
84-->[com.google.firebase:firebase-common:20.1.0] AndroidManifest.xml:29:13-43
85            android:exported="false"
85-->[com.google.firebase:firebase-common:20.1.0] AndroidManifest.xml:30:13-37
86            android:initOrder="100" />
86-->[com.google.firebase:firebase-common:20.1.0] AndroidManifest.xml:31:13-36
87
88        <activity
88-->[com.google.android.gms:play-services-base:17.1.0] AndroidManifest.xml:23:9-26:75
89            android:name="com.google.android.gms.common.api.GoogleApiActivity"
89-->[com.google.android.gms:play-services-base:17.1.0] AndroidManifest.xml:24:13-79
90            android:exported="false"
90-->[com.google.android.gms:play-services-base:17.1.0] AndroidManifest.xml:25:13-37
91            android:theme="@android:style/Theme.Translucent.NoTitleBar" />
91-->[com.google.android.gms:play-services-base:17.1.0] AndroidManifest.xml:26:13-72
92
93        <meta-data
93-->[com.google.android.gms:play-services-basement:18.0.0] AndroidManifest.xml:21:9-23:69
94            android:name="com.google.android.gms.version"
94-->[com.google.android.gms:play-services-basement:18.0.0] AndroidManifest.xml:22:13-58
95            android:value="@integer/google_play_services_version" />
95-->[com.google.android.gms:play-services-basement:18.0.0] AndroidManifest.xml:23:13-66
96
97        <provider
97-->[androidx.emoji2:emoji2:1.0.0] AndroidManifest.xml:26:9-34:20
98            android:name="androidx.startup.InitializationProvider"
98-->[androidx.emoji2:emoji2:1.0.0] AndroidManifest.xml:27:13-67
99            android:authorities="com.example.storbook.androidx-startup"
99-->[androidx.emoji2:emoji2:1.0.0] AndroidManifest.xml:28:13-68
100            android:exported="false" >
100-->[androidx.emoji2:emoji2:1.0.0] AndroidManifest.xml:29:13-37
101            <meta-data
101-->[androidx.emoji2:emoji2:1.0.0] AndroidManifest.xml:31:13-33:52
102                android:name="androidx.emoji2.text.EmojiCompatInitializer"
102-->[androidx.emoji2:emoji2:1.0.0] AndroidManifest.xml:32:17-75
103                android:value="androidx.startup" />
103-->[androidx.emoji2:emoji2:1.0.0] AndroidManifest.xml:33:17-49
104            <meta-data
104-->[androidx.lifecycle:lifecycle-process:2.4.0] AndroidManifest.xml:31:13-33:52
105                android:name="androidx.lifecycle.ProcessLifecycleInitializer"
105-->[androidx.lifecycle:lifecycle-process:2.4.0] AndroidManifest.xml:32:17-78
106                android:value="androidx.startup" />
106-->[androidx.lifecycle:lifecycle-process:2.4.0] AndroidManifest.xml:33:17-49
107        </provider>
108    </application>
109
110</manifest>